<?xml version="1.0" encoding="UTF-8"?>
<!-- Generated by org.testng.reporters.JUnitReportReporter -->
<testsuite skipped="0" hostname="Lenovo-PC" name="com.lemon.api.auto.cases.RechargeCase" tests="3" failures="0" timestamp="8 Sep 2019 06:05:27 GMT" time="0.321" errors="0">
  <testcase name="test1" time="0.141" classname="com.lemon.api.auto.cases.RechargeCase"/>
  <testcase name="test1" time="0.137" classname="com.lemon.api.auto.cases.RechargeCase"/>
  <testcase name="test1" time="0.043" classname="com.lemon.api.auto.cases.RechargeCase"/>
</testsuite> <!-- com.lemon.api.auto.cases.RechargeCase -->
