<?xml version="1.0" encoding="UTF-8"?>
<!-- Generated by org.testng.reporters.JUnitReportReporter -->
<testsuite skipped="0" hostname="Lenovo-PC" name="com.myteauto.Testngdemo01" tests="1" failures="0" timestamp="3 Sep 2019 05:30:36 GMT" time="0.014" errors="0">
  <testcase name="helloWord" time="0.014" classname="com.myteauto.Testngdemo01"/>
</testsuite> <!-- com.myteauto.Testngdemo01 -->
