<?xml version="1.0" encoding="UTF-8"?>
<!-- Generated by org.testng.reporters.JUnitReportReporter -->
<testsuite skipped="0" hostname="Lenovo-PC" name="com.lemon.api.auto.cases.Register" tests="5" failures="0" timestamp="8 Sep 2019 06:05:27 GMT" time="1.416" errors="0">
  <testcase name="test1" time="0.030" classname="com.lemon.api.auto.cases.Register"/>
  <testcase name="test1" time="0.202" classname="com.lemon.api.auto.cases.Register"/>
  <testcase name="test1" time="1.104" classname="com.lemon.api.auto.cases.Register"/>
  <testcase name="test1" time="0.033" classname="com.lemon.api.auto.cases.Register"/>
  <testcase name="test1" time="0.047" classname="com.lemon.api.auto.cases.Register"/>
</testsuite> <!-- com.lemon.api.auto.cases.Register -->
