<?xml version="1.0" encoding="UTF-8"?>
<!-- Generated by org.testng.reporters.JUnitReportReporter -->
<testsuite skipped="0" hostname="Lenovo-PC" name="com.lemon.api.auto.cases.LoginCases" tests="3" failures="0" timestamp="8 Sep 2019 06:05:27 GMT" time="0.315" errors="0">
  <testcase name="test1" time="0.055" classname="com.lemon.api.auto.cases.LoginCases"/>
  <testcase name="test1" time="0.140" classname="com.lemon.api.auto.cases.LoginCases"/>
  <testcase name="test1" time="0.120" classname="com.lemon.api.auto.cases.LoginCases"/>
</testsuite> <!-- com.lemon.api.auto.cases.LoginCases -->
